
Sequential CPU execution: 1576 microseconds

==14587== NVPROF is profiling process 14587, command: ./bin/stencil
==14587== Warning: Profiling results might be incorrect with current version of nvcc compiler used to compile cuda app. Compile with nvcc compiler 9.0 or later version to get correct profiling results. Ignore this warning if code is already compiled with the recommended nvcc version 
id = 5120
id = 11776
id = 4096
id = 13312
id = 12288
id = 3584
id = 18944
id = 4608
id = 16384
id = 7680
id = 17408
id = 17920
id = 11264
id = 2048
id = 3072
id = 18432
id = 1024
id = 5632
id = 10752
id = 14336
id = 15360
id = 12800
id = 19456
id = 10240
id = 2560
id = 9216
id = 9728
id = 7168
id = 21504
id = 14848
id = 8192
id = 22528
id = 6656
id = 6144
id = 16896
id = 20480
id = 25600
id = 24576
id = 20992
id = 13824
id = 512
id = 19968
id = 1536
id = 23552
id = 25088
id = 23040
id = 15872
id = 22016
id = 24064
id = 8704
id = 26112
id = 4863
id = 12031
id = 5375
id = 19711
id = 11519
id = 9471
id = 15103
id = 24319
id = 10495
id = 23807
id = 25343
id = 20223
id = 14591
id = 4351
id = 17663
id = 16127
id = 2303
id = 19199
id = 1791
id = 1279
id = 767
id = 25855
id = 18175
id = 2815
id = 9983
id = 3839
id = 23295
id = 17151
id = 5887
id = 21247
id = 3327
id = 7935
id = 22783
id = 255
id = 7423
id = 18687
id = 15615
id = 21759
id = 13567
id = 24831
id = 11007
id = 16639
id = 12543
id = 14079
id = 22271
id = 6911
id = 8959
id = 13055
id = 8447
id = 20735
id = 6399
id = 26367
id = 27136
id = 28160
id = 26624
id = 28672
id = 27648
id = 29696
id = 30208
id = 29184
id = 33792
id = 31744
id = 32768
id = 32256
id = 35328
id = 34816
id = 30720
id = 34304
id = 31232
id = 35840
id = 36352
id = 40960
id = 36864
id = 37888
id = 39424
id = 38400
id = 38912
id = 45568
id = 40448
id = 45056
id = 46080
id = 42496
id = 41472
id = 44544
id = 44032
id = 39936
id = 47104
id = 27391
id = 43008
id = 26879
id = 46592
id = 28927
id = 47616
id = 33280
id = 49152
id = 49664
id = 48128
id = 27903
id = 28415
id = 50176
id = 37376
id = 29951
id = 30463
id = 29439
id = 31999
id = 34047
id = 33023
id = 35071
id = 41984
id = 43520
id = 30975
id = 34559
id = 33535
id = 35583
id = 51712
id = 31487
id = 41215
id = 51200
id = 39167
id = 40191
id = 52224
id = 37631
id = 40703
id = 41727
id = 39679
id = 36095
id = 42751
id = 36607
id = 44799
id = 37119
id = 45823
id = 42239
id = 47871
id = 32511
id = 44287
id = 49919
id = 43775
id = 50431
id = 46847
id = 49407
id = 43263
id = 48640
id = 47359
id = 48895
id = 50943
id = 48383
id = 50688
id = 38655
id = 45311
id = 38143
id = 46335
id = 52479
id = 51967
id = 51455
id = 52736
id = 52991
id = 53248
id = 53760
id = 54272
id = 54784
id = 55296
id = 56832
id = 57856
id = 56320
id = 57344
id = 55808
id = 58368
id = 58880
id = 60416
id = 59392
id = 59904
id = 61952
id = 62464
id = 64512
id = 63488
id = 65536
id = 64000
id = 60928
id = 67072
id = 65024
id = 66560
id = 66048
id = 53503
id = 67584
id = 54015
id = 68096
id = 55039
id = 54527
id = 57087
id = 56063
id = 55551
id = 58111
id = 69632
id = 70656
id = 57599
id = 71168
id = 58623
id = 59135
id = 56575
id = 60671
id = 62719
id = 60159
id = 61695
id = 59647
id = 62207
id = 64255
id = 64767
id = 63231
id = 61183
id = 67327
id = 63743
id = 66303
id = 66815
id = 67839
id = 68863
id = 68351
id = 69375
id = 69887
id = 70399
id = 72192
id = 71680
id = 61440
id = 72704
id = 62976
id = 71935
id = 68608
id = 72959
id = 65791
id = 69120
id = 70144
id = 65279
id = 72447
id = 70911
id = 73216
id = 73728
id = 74240
id = 74752
id = 71423
id = 75264
id = 73983
id = 73471
id = 75776
id = 76288
id = 75007
id = 74495
id = 76800
id = 77312
id = 75519
id = 76031
id = 76543
id = 77055
id = 77567
id = 78079
id = 78848
id = 78336
id = 79103
id = 78591
id = 77824
id = 79360
id = 79615
id = 80896
id = 81408
id = 87040
id = 79872
id = 82944
id = 80384
id = 84480
id = 84992
id = 81920
id = 82432
id = 83456
id = 83968
id = 86528
id = 86016
id = 85504
id = 80127
id = 80639
id = 81151
id = 82175
id = 82687
id = 87295
id = 83199
id = 81663
id = 84223
id = 83711
id = 85247
id = 86271
id = 86783
id = 87807
id = 87552
id = 84735
id = 91136
id = 88576
id = 85759
id = 88831
id = 91391
id = 92927
id = 88064
id = 89088
id = 92672
id = 93696
id = 93184
id = 90624
id = 90112
id = 94208
id = 92160
id = 89600
id = 91648
id = 94720
id = 95232
id = 92415
id = 93951
id = 93439
id = 94463
id = 90367
id = 90879
id = 89343
id = 89855
id = 91903
id = 88319
id = 96256
id = 97280
id = 94975
id = 96768
id = 97792
id = 95999
id = 95487
id = 95744
id = 98304
id = 98816
id = 96511
id = 97535
id = 99328
id = 98559
id = 98047
id = 99583
id = 97023
id = 99071
id = 99840
id = 100352
id = 100864
id = 102400
id = 100095
id = 100607
id = 101119
id = 101376
id = 101888
id = 102912
id = 102655
id = 103424
id = 103936
id = 103679
id = 102143
id = 101631
id = 104191
id = 103167
id = 104960
id = 104448
id = 105472
id = 104703
id = 105215
id = 105727
id = 106496
id = 105984
id = 107008
id = 107520
id = 108032
id = 108544
id = 106751
id = 107263
id = 109056
id = 107775
id = 109568
id = 111616
id = 110080
id = 112128
id = 110592
id = 106239
id = 113152
id = 112640
id = 113664
id = 114688
id = 108799
id = 109311
id = 109823
id = 114176
id = 115712
id = 110335
id = 110847
id = 108287
id = 113407
id = 112383
id = 111359
id = 113919
id = 112895
id = 111104
id = 114431
id = 111871
id = 116479
id = 115967
id = 114943
id = 115200
id = 116224
id = 115455
id = 116736
id = 117248
id = 117760
id = 118784
id = 116991
id = 118272
id = 119808
id = 119296
id = 120832
id = 120320
id = 121856
id = 121344
id = 117503
id = 119039
id = 118527
id = 118015
id = 122368
id = 119551
id = 121599
id = 120575
id = 122880
id = 123392
id = 123904
id = 124416
id = 120063
id = 121087
id = 123135
id = 122111
id = 122623
id = 123647
id = 124159
id = 124671
id = 124928
id = 125952
id = 125440
id = 126976
id = 126464
id = 127488
id = 128000
id = 125695
id = 125183
id = 126207
id = 127231
id = 126719
id = 127743
id = 128255
id = 129024
id = 128512
id = 129536
id = 130048
id = 128767
id = 129279
id = 129791
id = 130303
id = 130815
id = 130560

Basic profiling: 0 ms have elapsed for the kernel execution

Cuda error: kernel invocation, an illegal memory access was encountered
==14587== Profiling application: ./bin/stencil
==14587== Warning: 1 records have invalid timestamps due to insufficient device buffer space. You can configure the buffer space using the option --device-buffer-size.
==14587== Profiling result:
            Type  Time(%)      Time     Calls       Avg       Min       Max  Name
 GPU activities:  100.00%  85.506us         1  85.506us  85.506us  85.506us  [CUDA memcpy HtoD]
      API calls:   57.90%  191.19ms         2  95.597ms  4.9820us  191.19ms  cudaMalloc
                   41.57%  137.26ms         1  137.26ms  137.26ms  137.26ms  cudaEventSynchronize
                    0.24%  780.74us         1  780.74us  780.74us  780.74us  cudaLaunchKernel
                    0.11%  368.47us       101  3.6480us     193ns  234.01us  cuDeviceGetAttribute
                    0.08%  275.08us         1  275.08us  275.08us  275.08us  cudaMemcpy
                    0.08%  252.31us         1  252.31us  252.31us  252.31us  cuDeviceTotalMem
                    0.01%  30.903us         1  30.903us  30.903us  30.903us  cuDeviceGetName
                    0.01%  16.547us         2  8.2730us  5.9340us  10.613us  cudaEventRecord
                    0.00%  12.481us         1  12.481us  12.481us  12.481us  cuDeviceGetPCIBusId
                    0.00%  10.939us         2  5.4690us  1.1290us  9.8100us  cudaEventCreate
                    0.00%  7.1730us         1  7.1730us  7.1730us  7.1730us  cudaEventElapsedTime
                    0.00%  5.3240us         1  5.3240us  5.3240us  5.3240us  cudaGetErrorString
                    0.00%  4.6670us         3  1.5550us     390ns  3.6370us  cudaGetLastError
                    0.00%  1.8450us         3     615ns     257ns  1.0670us  cuDeviceGetCount
                    0.00%  1.2750us         2     637ns     304ns     971ns  cuDeviceGet
                    0.00%     657ns         1     657ns     657ns     657ns  cuDeviceGetUuid
======== Error: Application returned non-zero code 255
