i=1 -> 0:Send 123456 to 1
i=2 -> 0:Send 123456 to 2
i=3 -> 0:Send 123456 to 3
1:Received 123456
1:Tag = 0
1:Send 1
i=4 -> 0:Received 1 from 1
i=4 -> 0:Send 1 to 1
i=5 -> 0:Received 1 from 1
2:Received 123456
2:Tag = 0
2:Send 2
3:Received 123456
3:Tag = 0
3:Send 3
1:Received 1
1:Tag = 0
1:Send 1
1:Received 1
1:Tag = 0
1:Send 1
3:Received 3
3:Tag = 0
3:Send 3
3:Received 3
i=5 -> 0:Send 1 to 1
i=6 -> 0:Received 2 from 2
i=6 -> 0:Send 2 to 2
i=7 -> 0:Received 3 from 3
i=7 -> 0:Send 3 to 3
i=8 -> 0:Received 1 from 1
i=8 -> 0:Send 1 to 1
i=9 -> 0:Received 2 from 2
i=9 -> 0:Send 2 to 2
i=10 -> 0:Received 3 from 3
i=10 -> 0:Send 3 to 3
2:Received 2
2:Tag = 0
2:Send 2
2:Received 2
2:Tag = 0
2:Send 2
1:Received 1
1:Tag = 0
1:Send 1
1:Received 1
1:Tag = 0
2:Received 2
2:Tag = 0
2:Send 2
3:Tag = 0
3:Send 3
3:Received 3
3:Tag = 0
3:Send 3
i=11 -> 0:Received 1 from 1
i=11 -> 0:Send 1 to 1
i=12 -> 0:Received 2 from 2
i=12 -> 0:Send 2 to 2
i=13 -> 0:Received 3 from 3
i=13 -> 0:Send 3 to 3
i=14 -> 0:Received 1 from 1
i=14 -> 0:Send 1 to 1
i=15 -> 0:Received 3 from 3
i=15 -> 0:Send 3 to 3
1:Send 1
1:Received 1
1:Tag = 0
1:Send 1
i=16 -> 0:Received 2 from 2
i=16 -> 0:Send 2 to 2
i=17 -> 0:Received 1 from 1
i=17 -> 0:Send 1 to 1
i=18 -> 0:Received 3 from 3
2:Received 2
2:Tag = 0
2:Send 2
3:Received 3
3:Tag = 0
3:Send 3
3:Received 3
3:Tag = 0
1:Received 1
1:Tag = 0
1:Send 1
3:Send 3
i=18 -> 0:Send 3 to 3
i=19 -> 0:Received 2 from 2
i=19 -> 0:Send 2 to 2
i=20 -> 0:Received 1 from 1
i=20 -> 0:Send 1 to 1
2:Received 2
2:Tag = 0
2:Send 2
1:Received 1
1:Tag = 0
1:Send 1
3:Received 3
3:Tag = 0
3:Send 3
i=21 -> 0:Received 3 from 3
i=21 -> 0:Send 3 to 3
i=22 -> 0:Received 2 from 2
i=22 -> 0:Send 2 to 2
i=23 -> 0:Received 1 from 1
i=23 -> 0:Send 1 to 1
2:Received 2
2:Tag = 0
2:Send 2
i=24 -> 0:Received 3 from 3
i=24 -> 0:Send 3 to 3
i=25 -> 0:Received 2 from 2
1:Received 1
1:Tag = 0
1:Send 1
3:Received 3
3:Tag = 0
3:Send 3
2:Received 2
2:Tag = 0
2:Send 2
i=25 -> 0:Send 2 to 2
i=26 -> 0:Received 1 from 1
i=26 -> 0:Send 1 to 1
i=27 -> 0:Received 3 from 3
i=27 -> 0:Send 3 to 3
i=28 -> 0:Received 2 from 2
1:Received 1
1:Tag = 0
1:Send 1
3:Received 3
3:Tag = 0
3:Send 3
2:Received 2
2:Tag = 0
2:Send 2
i=28 -> 0:Send 2 to 2
i=29 -> 0:Received 1 from 1
i=29 -> 0:Send 1 to 1
i=30 -> 0:Received 3 from 3
i=30 -> 0:Send 3 to 3
1:Received 1
1:Tag = 0
1:Send 1
1:Received 1
3:Received 3
3:Tag = 0
3:Send 3
2:Received 2
2:Tag = 0
2:Send 2
i=31 -> 0:Received 2 from 2
i=31 -> 0:Send 2 to 2
i=32 -> 0:Received 1 from 1
i=32 -> 0:Send 1 to 1
i=33 -> 0:Received 3 from 3
1:Tag = 0
1:Send 1
3:Received 3
3:Tag = 0
i=33 -> 0:Send 3 to 3
i=34 -> 0:Received 2 from 2
i=34 -> 0:Send 2 to 2
2:Received 2
2:Tag = 0
2:Send 2
3:Send 3
i=35 -> 0:Received 1 from 1
i=35 -> 0:Send 1 to 1
i=36 -> 0:Received 3 from 3
3:Received 3
3:Tag = 0
3:Send 3
1:Received 1
1:Tag = 0
1:Send 1
i=36 -> 0:Send 3 to 3
i=37 -> 0:Received 2 from 2
i=37 -> 0:Send 2 to 2
i=38 -> 0:Received 1 from 1
i=38 -> 0:Send 1 to 1
1:Received 1
1:Tag = 0
1:Send 1
2:Received 2
2:Tag = 0
2:Send 2
i=39 -> 0:Received 3 from 3
i=39 -> 0:Send 3 to 3
i=40 -> 0:Received 2 from 2
2:Received 2
2:Tag = 0
3:Received 3
3:Tag = 0
3:Send 3
i=40 -> 0:Send 2 to 2
i=1 -> 0:Send 2 to 1
i=2 -> 0:Send 2 to 2
i=3 -> 0:Send 2 to 3
3:Received 2
3:Tag = 1
Break; rank = 3
1:Received 2
1:Tag = 1
Break; rank = 1
2:Send 2
2:Received 2
2:Tag = 1
Break; rank = 2
